<?xml version="1.0" encoding="UTF-8"?>
<!-- Generated by org.testng.reporters.JUnitReportReporter -->
<testsuite skipped="0" hostname="DESKTOP-LI51MAN" name="com.TestCategoriesPage.ExcelSheetchapter" tests="1" failures="0" timestamp="2021-03-27T10:05:32 IST" time="111.585" errors="0">
  <testcase name="loginUsingExcel" time="111.585" classname="com.TestCategoriesPage.ExcelSheetchapter"/>
  <system-out/>
</testsuite> <!-- com.TestCategoriesPage.ExcelSheetchapter -->
